This file contains any messages produced by compilers while
running configure, to aid debugging if configure makes a mistake.

It was created by PCRE configure 8.31, which was
generated by GNU Autoconf 2.68.  Invocation command line was

  $ ./configure --host=arm-linux --with-sysroot=/home/rorschack/Toolchains/x86_64-uClibc/x86_64-rorschack-linux-uclibc/sysroot --disable-shared --enable-static --enable-unicode-properties CC=x86_64-rorschack-linux-uclibc-cc CXX=x86_64-rorschack-linux-uclibc-g++ CFLAGS=-Os -Wno-error -fPIC CXXFLAGS=-Os

## --------- ##
## Platform. ##
## --------- ##

hostname = YDS-notebook
uname -m = x86_64
uname -r = 4.9.6-1-ARCH
uname -s = Linux
uname -v = #1 SMP PREEMPT Thu Jan 26 09:22:26 CET 2017

/usr/bin/uname -p = unknown
/bin/uname -X     = unknown

/bin/arch              = unknown
/usr/bin/arch -k       = unknown
/usr/convex/getsysinfo = unknown
/usr/bin/hostinfo      = unknown
/bin/machine           = unknown
/usr/bin/oslevel       = unknown
/bin/universe          = unknown

PATH: /home/rorschack/Toolchains/x86_64-uClibc/bin
PATH: /usr/local/sbin
PATH: /usr/local/bin
PATH: /usr/bin
PATH: /usr/lib/jvm/default/bin
PATH: /usr/bin/site_perl
PATH: /usr/bin/vendor_perl
PATH: /usr/bin/core_perl
PATH: /home/rorschack/bin
PATH: /home/rorschack/opt/android-sdk-linux/tools
PATH: /home/rorschack/opt/android-sdk-linux/platform-tools


## ----------- ##
## Core tests. ##
## ----------- ##

configure:2727: checking for a BSD-compatible install
configure:2795: result: /usr/bin/install -c
configure:2806: checking whether build environment is sane
configure:2856: result: yes
configure:2905: checking for arm-linux-strip
configure:2935: result: no
configure:2945: checking for strip
configure:2961: found /usr/bin/strip
configure:2972: result: strip
configure:2997: checking for a thread-safe mkdir -p
configure:3036: result: /usr/bin/mkdir -p
configure:3049: checking for gawk
configure:3065: found /usr/bin/gawk
configure:3076: result: gawk
configure:3087: checking whether make sets $(MAKE)
configure:3109: result: yes
configure:3228: checking for arm-linux-gcc
configure:3255: result: x86_64-rorschack-linux-uclibc-cc
configure:3524: checking for C compiler version
configure:3533: x86_64-rorschack-linux-uclibc-cc --version >&5
x86_64-rorschack-linux-uclibc-cc (Buildroot 2016.11.1) 6.2.0
Copyright (C) 2016 Free Software Foundation, Inc.
This is free software; see the source for copying conditions.  There is NO
warranty; not even for MERCHANTABILITY or FITNESS FOR A PARTICULAR PURPOSE.

configure:3544: $? = 0
configure:3533: x86_64-rorschack-linux-uclibc-cc -v >&5
Using built-in specs.
COLLECT_GCC=x86_64-rorschack-linux-uclibc-cc
COLLECT_LTO_WRAPPER=/home/rorschack/Toolchains/x86_64-uClibc/bin/../libexec/gcc/x86_64-rorschack-linux-uclibc/6.2.0/lto-wrapper
Target: x86_64-rorschack-linux-uclibc
Configured with: ./configure --prefix=/home/rorschack/Workspace/buildroot-2016.11.1/output/host/usr --sysconfdir=/home/rorschack/Workspace/buildroot-2016.11.1/output/host/etc --enable-static --target=x86_64-rorschack-linux-uclibc --with-sysroot=/home/rorschack/Workspace/buildroot-2016.11.1/output/host/usr/x86_64-rorschack-linux-uclibc/sysroot --disable-__cxa_atexit --with-gnu-ld --disable-libssp --disable-multilib --with-gmp=/home/rorschack/Workspace/buildroot-2016.11.1/output/host/usr --with-mpc=/home/rorschack/Workspace/buildroot-2016.11.1/output/host/usr --with-mpfr=/home/rorschack/Workspace/buildroot-2016.11.1/output/host/usr --with-pkgversion='Buildroot 2016.11.1' --with-bugurl=http://bugs.buildroot.net/ --enable-libquadmath --disable-libsanitizer --enable-tls --disable-libmudflap --enable-threads --with-isl=/home/rorschack/Workspace/buildroot-2016.11.1/output/host/usr --disable-decimal-float --with-arch=atom --enable-languages=c,c++ --with-build-time-tools=/home/rorschack/Workspace/buildroot-2016.11.1/output/host/usr/x86_64-rorschack-linux-uclibc/bin --enable-shared --enable-libgomp
Thread model: posix
gcc version 6.2.0 (Buildroot 2016.11.1) 
configure:3544: $? = 0
configure:3533: x86_64-rorschack-linux-uclibc-cc -V >&5
x86_64-rorschack-linux-uclibc-cc: error: unrecognized command line option '-V'
x86_64-rorschack-linux-uclibc-cc: fatal error: no input files
compilation terminated.
configure:3544: $? = 1
configure:3533: x86_64-rorschack-linux-uclibc-cc -qversion >&5
x86_64-rorschack-linux-uclibc-cc: error: unrecognized command line option '-qversion'; did you mean '--version'?
x86_64-rorschack-linux-uclibc-cc: fatal error: no input files
compilation terminated.
configure:3544: $? = 1
configure:3564: checking whether the C compiler works
configure:3586: x86_64-rorschack-linux-uclibc-cc -Os -Wno-error -fPIC   conftest.c  >&5
configure:3590: $? = 0
configure:3638: result: yes
configure:3641: checking for C compiler default output file name
configure:3643: result: a.out
configure:3649: checking for suffix of executables
configure:3656: x86_64-rorschack-linux-uclibc-cc -o conftest -Os -Wno-error -fPIC   conftest.c  >&5
configure:3660: $? = 0
configure:3682: result: 
configure:3704: checking whether we are cross compiling
configure:3712: x86_64-rorschack-linux-uclibc-cc -o conftest -Os -Wno-error -fPIC   conftest.c  >&5
configure:3716: $? = 0
configure:3723: ./conftest
./configure: line 3725: ./conftest: No such file or directory
configure:3727: $? = 127
configure:3742: result: yes
configure:3747: checking for suffix of object files
configure:3769: x86_64-rorschack-linux-uclibc-cc -c -Os -Wno-error -fPIC  conftest.c >&5
configure:3773: $? = 0
configure:3794: result: o
configure:3798: checking whether we are using the GNU C compiler
configure:3817: x86_64-rorschack-linux-uclibc-cc -c -Os -Wno-error -fPIC  conftest.c >&5
configure:3817: $? = 0
configure:3826: result: yes
configure:3835: checking whether x86_64-rorschack-linux-uclibc-cc accepts -g
configure:3855: x86_64-rorschack-linux-uclibc-cc -c -g  conftest.c >&5
configure:3855: $? = 0
configure:3896: result: yes
configure:3913: checking for x86_64-rorschack-linux-uclibc-cc option to accept ISO C89
configure:3977: x86_64-rorschack-linux-uclibc-cc  -c -Os -Wno-error -fPIC  conftest.c >&5
configure:3977: $? = 0
configure:3990: result: none needed
configure:4021: checking for style of include used by make
configure:4049: result: GNU
configure:4074: checking dependency style of x86_64-rorschack-linux-uclibc-cc
configure:4184: result: gcc3
configure:4311: checking for C++ compiler version
configure:4320: x86_64-rorschack-linux-uclibc-g++ --version >&5
x86_64-rorschack-linux-uclibc-g++ (Buildroot 2016.11.1) 6.2.0
Copyright (C) 2016 Free Software Foundation, Inc.
This is free software; see the source for copying conditions.  There is NO
warranty; not even for MERCHANTABILITY or FITNESS FOR A PARTICULAR PURPOSE.

configure:4331: $? = 0
configure:4320: x86_64-rorschack-linux-uclibc-g++ -v >&5
Using built-in specs.
COLLECT_GCC=x86_64-rorschack-linux-uclibc-g++
COLLECT_LTO_WRAPPER=/home/rorschack/Toolchains/x86_64-uClibc/bin/../libexec/gcc/x86_64-rorschack-linux-uclibc/6.2.0/lto-wrapper
Target: x86_64-rorschack-linux-uclibc
Configured with: ./configure --prefix=/home/rorschack/Workspace/buildroot-2016.11.1/output/host/usr --sysconfdir=/home/rorschack/Workspace/buildroot-2016.11.1/output/host/etc --enable-static --target=x86_64-rorschack-linux-uclibc --with-sysroot=/home/rorschack/Workspace/buildroot-2016.11.1/output/host/usr/x86_64-rorschack-linux-uclibc/sysroot --disable-__cxa_atexit --with-gnu-ld --disable-libssp --disable-multilib --with-gmp=/home/rorschack/Workspace/buildroot-2016.11.1/output/host/usr --with-mpc=/home/rorschack/Workspace/buildroot-2016.11.1/output/host/usr --with-mpfr=/home/rorschack/Workspace/buildroot-2016.11.1/output/host/usr --with-pkgversion='Buildroot 2016.11.1' --with-bugurl=http://bugs.buildroot.net/ --enable-libquadmath --disable-libsanitizer --enable-tls --disable-libmudflap --enable-threads --with-isl=/home/rorschack/Workspace/buildroot-2016.11.1/output/host/usr --disable-decimal-float --with-arch=atom --enable-languages=c,c++ --with-build-time-tools=/home/rorschack/Workspace/buildroot-2016.11.1/output/host/usr/x86_64-rorschack-linux-uclibc/bin --enable-shared --enable-libgomp
Thread model: posix
gcc version 6.2.0 (Buildroot 2016.11.1) 
configure:4331: $? = 0
configure:4320: x86_64-rorschack-linux-uclibc-g++ -V >&5
x86_64-rorschack-linux-uclibc-g++: error: unrecognized command line option '-V'
x86_64-rorschack-linux-uclibc-g++: fatal error: no input files
compilation terminated.
configure:4331: $? = 1
configure:4320: x86_64-rorschack-linux-uclibc-g++ -qversion >&5
x86_64-rorschack-linux-uclibc-g++: error: unrecognized command line option '-qversion'; did you mean '--version'?
x86_64-rorschack-linux-uclibc-g++: fatal error: no input files
compilation terminated.
configure:4331: $? = 1
configure:4335: checking whether we are using the GNU C++ compiler
configure:4354: x86_64-rorschack-linux-uclibc-g++ -c -Os  conftest.cpp >&5
configure:4354: $? = 0
configure:4363: result: yes
configure:4372: checking whether x86_64-rorschack-linux-uclibc-g++ accepts -g
configure:4392: x86_64-rorschack-linux-uclibc-g++ -c -g  conftest.cpp >&5
configure:4392: $? = 0
configure:4433: result: yes
configure:4458: checking dependency style of x86_64-rorschack-linux-uclibc-g++
configure:4568: result: gcc3
configure:4626: x86_64-rorschack-linux-uclibc-g++ -c -Os  conftest.cpp >&5
configure:4626: $? = 0
configure:4646: checking how to run the C preprocessor
configure:4677: x86_64-rorschack-linux-uclibc-cc -E  conftest.c
configure:4677: $? = 0
configure:4691: x86_64-rorschack-linux-uclibc-cc -E  conftest.c
conftest.c:11:28: fatal error: ac_nonexistent.h: No such file or directory
 #include <ac_nonexistent.h>
                            ^
compilation terminated.
configure:4691: $? = 1
configure: failed program was:
| /* confdefs.h */
| #define PACKAGE_NAME "PCRE"
| #define PACKAGE_TARNAME "pcre"
| #define PACKAGE_VERSION "8.31"
| #define PACKAGE_STRING "PCRE 8.31"
| #define PACKAGE_BUGREPORT ""
| #define PACKAGE_URL ""
| #define PACKAGE "pcre"
| #define VERSION "8.31"
| /* end confdefs.h.  */
| #include <ac_nonexistent.h>
configure:4716: result: x86_64-rorschack-linux-uclibc-cc -E
configure:4736: x86_64-rorschack-linux-uclibc-cc -E  conftest.c
configure:4736: $? = 0
configure:4750: x86_64-rorschack-linux-uclibc-cc -E  conftest.c
conftest.c:11:28: fatal error: ac_nonexistent.h: No such file or directory
 #include <ac_nonexistent.h>
                            ^
compilation terminated.
configure:4750: $? = 1
configure: failed program was:
| /* confdefs.h */
| #define PACKAGE_NAME "PCRE"
| #define PACKAGE_TARNAME "pcre"
| #define PACKAGE_VERSION "8.31"
| #define PACKAGE_STRING "PCRE 8.31"
| #define PACKAGE_BUGREPORT ""
| #define PACKAGE_URL ""
| #define PACKAGE "pcre"
| #define VERSION "8.31"
| /* end confdefs.h.  */
| #include <ac_nonexistent.h>
configure:4779: checking for grep that handles long lines and -e
configure:4837: result: /usr/bin/grep
configure:4842: checking for egrep
configure:4904: result: /usr/bin/grep -E
configure:4909: checking for ANSI C header files
configure:4929: x86_64-rorschack-linux-uclibc-cc -c -Os -Wno-error -fPIC  conftest.c >&5
configure:4929: $? = 0
configure:5013: result: yes
configure:5026: checking for sys/types.h
configure:5026: x86_64-rorschack-linux-uclibc-cc -c -Os -Wno-error -fPIC  conftest.c >&5
configure:5026: $? = 0
configure:5026: result: yes
configure:5026: checking for sys/stat.h
configure:5026: x86_64-rorschack-linux-uclibc-cc -c -Os -Wno-error -fPIC  conftest.c >&5
configure:5026: $? = 0
configure:5026: result: yes
configure:5026: checking for stdlib.h
configure:5026: x86_64-rorschack-linux-uclibc-cc -c -Os -Wno-error -fPIC  conftest.c >&5
configure:5026: $? = 0
configure:5026: result: yes
configure:5026: checking for string.h
configure:5026: x86_64-rorschack-linux-uclibc-cc -c -Os -Wno-error -fPIC  conftest.c >&5
configure:5026: $? = 0
configure:5026: result: yes
configure:5026: checking for memory.h
configure:5026: x86_64-rorschack-linux-uclibc-cc -c -Os -Wno-error -fPIC  conftest.c >&5
configure:5026: $? = 0
configure:5026: result: yes
configure:5026: checking for strings.h
configure:5026: x86_64-rorschack-linux-uclibc-cc -c -Os -Wno-error -fPIC  conftest.c >&5
configure:5026: $? = 0
configure:5026: result: yes
configure:5026: checking for inttypes.h
configure:5026: x86_64-rorschack-linux-uclibc-cc -c -Os -Wno-error -fPIC  conftest.c >&5
configure:5026: $? = 0
configure:5026: result: yes
configure:5026: checking for stdint.h
configure:5026: x86_64-rorschack-linux-uclibc-cc -c -Os -Wno-error -fPIC  conftest.c >&5
configure:5026: $? = 0
configure:5026: result: yes
configure:5026: checking for unistd.h
configure:5026: x86_64-rorschack-linux-uclibc-cc -c -Os -Wno-error -fPIC  conftest.c >&5
configure:5026: $? = 0
configure:5026: result: yes
configure:5038: checking for int64_t
configure:5038: x86_64-rorschack-linux-uclibc-cc -c -Os -Wno-error -fPIC  conftest.c >&5
configure:5038: $? = 0
configure:5038: x86_64-rorschack-linux-uclibc-cc -c -Os -Wno-error -fPIC  conftest.c >&5
conftest.c: In function 'main':
conftest.c:59:53: warning: integer overflow in expression [-Woverflow]
    < (int64_t) (((((int64_t) 1 << N) << N) - 1) * 2 + 2))];
                                                     ^
conftest.c:58:12: error: storage size of 'test_array' isn't constant
 static int test_array [1 - 2 * !((int64_t) (((((int64_t) 1 << N) << N) - 1) * 2 + 1)
            ^~~~~~~~~~
configure:5038: $? = 1
configure: failed program was:
| /* confdefs.h */
| #define PACKAGE_NAME "PCRE"
| #define PACKAGE_TARNAME "pcre"
| #define PACKAGE_VERSION "8.31"
| #define PACKAGE_STRING "PCRE 8.31"
| #define PACKAGE_BUGREPORT ""
| #define PACKAGE_URL ""
| #define PACKAGE "pcre"
| #define VERSION "8.31"
| #define STDC_HEADERS 1
| #define HAVE_SYS_TYPES_H 1
| #define HAVE_SYS_STAT_H 1
| #define HAVE_STDLIB_H 1
| #define HAVE_STRING_H 1
| #define HAVE_MEMORY_H 1
| #define HAVE_STRINGS_H 1
| #define HAVE_INTTYPES_H 1
| #define HAVE_STDINT_H 1
| #define HAVE_UNISTD_H 1
| /* end confdefs.h.  */
| #include <stdio.h>
| #ifdef HAVE_SYS_TYPES_H
| # include <sys/types.h>
| #endif
| #ifdef HAVE_SYS_STAT_H
| # include <sys/stat.h>
| #endif
| #ifdef STDC_HEADERS
| # include <stdlib.h>
| # include <stddef.h>
| #else
| # ifdef HAVE_STDLIB_H
| #  include <stdlib.h>
| # endif
| #endif
| #ifdef HAVE_STRING_H
| # if !defined STDC_HEADERS && defined HAVE_MEMORY_H
| #  include <memory.h>
| # endif
| # include <string.h>
| #endif
| #ifdef HAVE_STRINGS_H
| # include <strings.h>
| #endif
| #ifdef HAVE_INTTYPES_H
| # include <inttypes.h>
| #endif
| #ifdef HAVE_STDINT_H
| # include <stdint.h>
| #endif
| #ifdef HAVE_UNISTD_H
| # include <unistd.h>
| #endif
| 	        enum { N = 64 / 2 - 1 };
| int
| main ()
| {
| static int test_array [1 - 2 * !((int64_t) (((((int64_t) 1 << N) << N) - 1) * 2 + 1)
| 		 < (int64_t) (((((int64_t) 1 << N) << N) - 1) * 2 + 2))];
| test_array [0] = 0
| 
|   ;
|   return 0;
| }
configure:5038: result: yes
configure:5055: checking build system type
configure:5069: result: x86_64-unknown-linux-uclibc
configure:5089: checking host system type
configure:5102: result: arm-unknown-linux-gnu
configure:5471: checking how to print strings
configure:5498: result: printf
configure:5519: checking for a sed that does not truncate output
configure:5583: result: /usr/bin/sed
configure:5601: checking for fgrep
configure:5663: result: /usr/bin/grep -F
configure:5698: checking for ld used by x86_64-rorschack-linux-uclibc-cc
configure:5765: result: /home/rorschack/Toolchains/x86_64-uClibc/x86_64-rorschack-linux-uclibc/bin/ld
configure:5772: checking if the linker (/home/rorschack/Toolchains/x86_64-uClibc/x86_64-rorschack-linux-uclibc/bin/ld) is GNU ld
configure:5787: result: yes
configure:5799: checking for BSD- or MS-compatible name lister (nm)
configure:5848: result: no
configure:5862: checking for arm-linux-dumpbin
configure:5892: result: no
configure:5862: checking for arm-linux-link
configure:5892: result: no
configure:5906: checking for dumpbin
configure:5936: result: no
configure:5906: checking for link
configure:5922: found /usr/bin/link
configure:5933: result: link -dump
configure:5949: WARNING: using cross tools not prefixed with host triplet
configure:5978: checking the name lister (nm) interface
configure:5985: x86_64-rorschack-linux-uclibc-cc -c -Os -Wno-error -fPIC  conftest.c >&5
configure:5988: nm "conftest.o"
configure:5991: output
0000000000000000 B some_variable
configure:5998: result: BSD nm
configure:6001: checking whether ln -s works
configure:6005: result: yes
configure:6013: checking the maximum length of command line arguments
configure:6138: result: 1572864
configure:6155: checking whether the shell understands some XSI constructs
configure:6165: result: yes
configure:6169: checking whether the shell understands "+="
configure:6175: result: yes
configure:6210: checking how to convert x86_64-unknown-linux-uclibc file names to arm-unknown-linux-gnu format
configure:6250: result: func_convert_file_noop
configure:6257: checking how to convert x86_64-unknown-linux-uclibc file names to toolchain format
configure:6277: result: func_convert_file_noop
configure:6284: checking for /home/rorschack/Toolchains/x86_64-uClibc/x86_64-rorschack-linux-uclibc/bin/ld option to reload object files
configure:6291: result: -r
configure:6325: checking for arm-linux-objdump
configure:6352: result: objdump
configure:6421: checking how to recognize dependent libraries
configure:6623: result: pass_all
configure:6668: checking for arm-linux-dlltool
configure:6695: result: dlltool
configure:6765: checking how to associate runtime and link libraries
configure:6792: result: printf %s\n
configure:6808: checking for arm-linux-ar
configure:6838: result: no
configure:6852: checking for ar
configure:6868: found /usr/bin/ar
configure:6879: result: ar
configure:6916: checking for archiver @FILE support
configure:6933: x86_64-rorschack-linux-uclibc-cc -c -Os -Wno-error -fPIC  conftest.c >&5
configure:6933: $? = 0
configure:6936: ar cru libconftest.a @conftest.lst >&5
ar: `u' modifier ignored since `D' is the default (see `U')
configure:6939: $? = 0
configure:6944: ar cru libconftest.a @conftest.lst >&5
ar: `u' modifier ignored since `D' is the default (see `U')
ar: conftest.o: No such file or directory
configure:6947: $? = 1
configure:6959: result: @
configure:6977: checking for arm-linux-strip
configure:7004: result: strip
configure:7076: checking for arm-linux-ranlib
configure:7106: result: no
configure:7116: checking for ranlib
configure:7132: found /usr/bin/ranlib
configure:7143: result: ranlib
configure:7245: checking command to parse nm output from x86_64-rorschack-linux-uclibc-cc object
configure:7364: x86_64-rorschack-linux-uclibc-cc -c -Os -Wno-error -fPIC  conftest.c >&5
configure:7367: $? = 0
configure:7371: nm conftest.o \| sed -n -e 's/^.*[ ]\([ABCDGIRSTW][ABCDGIRSTW]*\)[ ][ ]*\([_A-Za-z][_A-Za-z0-9]*\)$/\1 \2 \2/p' | sed '/ __gnu_lto/d' \> conftest.nm
configure:7374: $? = 0
configure:7440: x86_64-rorschack-linux-uclibc-cc -o conftest -Os -Wno-error -fPIC   conftest.c conftstm.o >&5
configure:7443: $? = 0
configure:7481: result: ok
configure:7518: checking for sysroot
configure:7548: result: /home/rorschack/Toolchains/x86_64-uClibc/x86_64-rorschack-linux-uclibc/sysroot
configure:7751: checking for arm-linux-mt
configure:7781: result: no
configure:7791: checking for mt
configure:7821: result: no
configure:7841: checking if : is a manifest tool
configure:7847: : '-?'
configure:7855: result: no
configure:8484: checking for dlfcn.h
configure:8484: x86_64-rorschack-linux-uclibc-cc -c -Os -Wno-error -fPIC  conftest.c >&5
configure:8484: $? = 0
configure:8484: result: yes
configure:8679: checking for objdir
configure:8694: result: .libs
configure:8961: checking if x86_64-rorschack-linux-uclibc-cc supports -fno-rtti -fno-exceptions
configure:8979: x86_64-rorschack-linux-uclibc-cc -c -Os -Wno-error -fPIC  -fno-rtti -fno-exceptions conftest.c >&5
cc1: warning: command line option '-fno-rtti' is valid for C++/ObjC++ but not for C
configure:8983: $? = 0
configure:8996: result: no
configure:9306: checking for x86_64-rorschack-linux-uclibc-cc option to produce PIC
configure:9313: result: -fPIC -DPIC
configure:9321: checking if x86_64-rorschack-linux-uclibc-cc PIC flag -fPIC -DPIC works
configure:9339: x86_64-rorschack-linux-uclibc-cc -c -Os -Wno-error -fPIC  -fPIC -DPIC -DPIC conftest.c >&5
configure:9343: $? = 0
configure:9356: result: yes
configure:9385: checking if x86_64-rorschack-linux-uclibc-cc static flag -static works
configure:9413: result: yes
configure:9428: checking if x86_64-rorschack-linux-uclibc-cc supports -c -o file.o
configure:9449: x86_64-rorschack-linux-uclibc-cc -c -Os -Wno-error -fPIC  -o out/conftest2.o conftest.c >&5
configure:9453: $? = 0
configure:9475: result: yes
configure:9483: checking if x86_64-rorschack-linux-uclibc-cc supports -c -o file.o
configure:9530: result: yes
configure:9563: checking whether the x86_64-rorschack-linux-uclibc-cc linker (/home/rorschack/Toolchains/x86_64-uClibc/x86_64-rorschack-linux-uclibc/bin/ld) supports shared libraries
configure:10721: result: yes
configure:10966: checking dynamic linker characteristics
configure:11493: x86_64-rorschack-linux-uclibc-cc -o conftest -Os -Wno-error -fPIC   -Wl,-rpath -Wl,/foo conftest.c  >&5
configure:11493: $? = 0
configure:11715: result: GNU/Linux ld.so
configure:11822: checking how to hardcode library paths into programs
configure:11847: result: immediate
configure:12387: checking whether stripping libraries is possible
configure:12392: result: yes
configure:12427: checking if libtool supports shared libraries
configure:12429: result: yes
configure:12432: checking whether to build shared libraries
configure:12453: result: no
configure:12456: checking whether to build static libraries
configure:12460: result: yes
configure:12483: checking how to run the C++ preprocessor
configure:12510: x86_64-rorschack-linux-uclibc-g++ -E  conftest.cpp
configure:12510: $? = 0
configure:12524: x86_64-rorschack-linux-uclibc-g++ -E  conftest.cpp
conftest.cpp:23:28: fatal error: ac_nonexistent.h: No such file or directory
 #include <ac_nonexistent.h>
                            ^
compilation terminated.
configure:12524: $? = 1
configure: failed program was:
| /* confdefs.h */
| #define PACKAGE_NAME "PCRE"
| #define PACKAGE_TARNAME "pcre"
| #define PACKAGE_VERSION "8.31"
| #define PACKAGE_STRING "PCRE 8.31"
| #define PACKAGE_BUGREPORT ""
| #define PACKAGE_URL ""
| #define PACKAGE "pcre"
| #define VERSION "8.31"
| #define STDC_HEADERS 1
| #define HAVE_SYS_TYPES_H 1
| #define HAVE_SYS_STAT_H 1
| #define HAVE_STDLIB_H 1
| #define HAVE_STRING_H 1
| #define HAVE_MEMORY_H 1
| #define HAVE_STRINGS_H 1
| #define HAVE_INTTYPES_H 1
| #define HAVE_STDINT_H 1
| #define HAVE_UNISTD_H 1
| #define HAVE_DLFCN_H 1
| #define LT_OBJDIR ".libs/"
| /* end confdefs.h.  */
| #include <ac_nonexistent.h>
configure:12549: result: x86_64-rorschack-linux-uclibc-g++ -E
configure:12569: x86_64-rorschack-linux-uclibc-g++ -E  conftest.cpp
configure:12569: $? = 0
configure:12583: x86_64-rorschack-linux-uclibc-g++ -E  conftest.cpp
conftest.cpp:23:28: fatal error: ac_nonexistent.h: No such file or directory
 #include <ac_nonexistent.h>
                            ^
compilation terminated.
configure:12583: $? = 1
configure: failed program was:
| /* confdefs.h */
| #define PACKAGE_NAME "PCRE"
| #define PACKAGE_TARNAME "pcre"
| #define PACKAGE_VERSION "8.31"
| #define PACKAGE_STRING "PCRE 8.31"
| #define PACKAGE_BUGREPORT ""
| #define PACKAGE_URL ""
| #define PACKAGE "pcre"
| #define VERSION "8.31"
| #define STDC_HEADERS 1
| #define HAVE_SYS_TYPES_H 1
| #define HAVE_SYS_STAT_H 1
| #define HAVE_STDLIB_H 1
| #define HAVE_STRING_H 1
| #define HAVE_MEMORY_H 1
| #define HAVE_STRINGS_H 1
| #define HAVE_INTTYPES_H 1
| #define HAVE_STDINT_H 1
| #define HAVE_UNISTD_H 1
| #define HAVE_DLFCN_H 1
| #define LT_OBJDIR ".libs/"
| /* end confdefs.h.  */
| #include <ac_nonexistent.h>
configure:12753: checking for ld used by x86_64-rorschack-linux-uclibc-g++
configure:12820: result: /home/rorschack/Toolchains/x86_64-uClibc/x86_64-rorschack-linux-uclibc/bin/ld
configure:12827: checking if the linker (/home/rorschack/Toolchains/x86_64-uClibc/x86_64-rorschack-linux-uclibc/bin/ld) is GNU ld
configure:12842: result: yes
configure:12897: checking whether the x86_64-rorschack-linux-uclibc-g++ linker (/home/rorschack/Toolchains/x86_64-uClibc/x86_64-rorschack-linux-uclibc/bin/ld) supports shared libraries
configure:13901: result: yes
configure:13936: x86_64-rorschack-linux-uclibc-g++ -c -Os  conftest.cpp >&5
configure:13939: $? = 0
configure:14459: checking for x86_64-rorschack-linux-uclibc-g++ option to produce PIC
configure:14466: result: -fPIC -DPIC
configure:14474: checking if x86_64-rorschack-linux-uclibc-g++ PIC flag -fPIC -DPIC works
configure:14492: x86_64-rorschack-linux-uclibc-g++ -c -Os  -fPIC -DPIC -DPIC conftest.cpp >&5
configure:14496: $? = 0
configure:14509: result: yes
configure:14532: checking if x86_64-rorschack-linux-uclibc-g++ static flag -static works
configure:14560: result: yes
configure:14572: checking if x86_64-rorschack-linux-uclibc-g++ supports -c -o file.o
configure:14593: x86_64-rorschack-linux-uclibc-g++ -c -Os  -o out/conftest2.o conftest.cpp >&5
configure:14597: $? = 0
configure:14619: result: yes
configure:14624: checking if x86_64-rorschack-linux-uclibc-g++ supports -c -o file.o
configure:14671: result: yes
configure:14701: checking whether the x86_64-rorschack-linux-uclibc-g++ linker (/home/rorschack/Toolchains/x86_64-uClibc/x86_64-rorschack-linux-uclibc/bin/ld) supports shared libraries
configure:14735: result: yes
configure:14878: checking dynamic linker characteristics
configure:15561: result: GNU/Linux ld.so
configure:15614: checking how to hardcode library paths into programs
configure:15639: result: immediate
configure:15698: checking whether ln -s works
configure:15702: result: yes
configure:16067: checking for ANSI C header files
configure:16171: result: yes
configure:16182: checking limits.h usability
configure:16182: x86_64-rorschack-linux-uclibc-cc -c -Os -Wno-error -fPIC  conftest.c >&5
configure:16182: $? = 0
configure:16182: result: yes
configure:16182: checking limits.h presence
configure:16182: x86_64-rorschack-linux-uclibc-cc -E  conftest.c
configure:16182: $? = 0
configure:16182: result: yes
configure:16182: checking for limits.h
configure:16182: result: yes
configure:16182: checking for sys/types.h
configure:16182: result: yes
configure:16182: checking for sys/stat.h
configure:16182: result: yes
configure:16182: checking dirent.h usability
configure:16182: x86_64-rorschack-linux-uclibc-cc -c -Os -Wno-error -fPIC  conftest.c >&5
configure:16182: $? = 0
configure:16182: result: yes
configure:16182: checking dirent.h presence
configure:16182: x86_64-rorschack-linux-uclibc-cc -E  conftest.c
configure:16182: $? = 0
configure:16182: result: yes
configure:16182: checking for dirent.h
configure:16182: result: yes
configure:16182: checking windows.h usability
configure:16182: x86_64-rorschack-linux-uclibc-cc -c -Os -Wno-error -fPIC  conftest.c >&5
conftest.c:61:21: fatal error: windows.h: No such file or directory
 #include <windows.h>
                     ^
compilation terminated.
configure:16182: $? = 1
configure: failed program was:
| /* confdefs.h */
| #define PACKAGE_NAME "PCRE"
| #define PACKAGE_TARNAME "pcre"
| #define PACKAGE_VERSION "8.31"
| #define PACKAGE_STRING "PCRE 8.31"
| #define PACKAGE_BUGREPORT ""
| #define PACKAGE_URL ""
| #define PACKAGE "pcre"
| #define VERSION "8.31"
| #define STDC_HEADERS 1
| #define HAVE_SYS_TYPES_H 1
| #define HAVE_SYS_STAT_H 1
| #define HAVE_STDLIB_H 1
| #define HAVE_STRING_H 1
| #define HAVE_MEMORY_H 1
| #define HAVE_STRINGS_H 1
| #define HAVE_INTTYPES_H 1
| #define HAVE_STDINT_H 1
| #define HAVE_UNISTD_H 1
| #define HAVE_DLFCN_H 1
| #define LT_OBJDIR ".libs/"
| #define STDC_HEADERS 1
| #define HAVE_LIMITS_H 1
| #define HAVE_SYS_TYPES_H 1
| #define HAVE_SYS_STAT_H 1
| #define HAVE_DIRENT_H 1
| /* end confdefs.h.  */
| #include <stdio.h>
| #ifdef HAVE_SYS_TYPES_H
| # include <sys/types.h>
| #endif
| #ifdef HAVE_SYS_STAT_H
| # include <sys/stat.h>
| #endif
| #ifdef STDC_HEADERS
| # include <stdlib.h>
| # include <stddef.h>
| #else
| # ifdef HAVE_STDLIB_H
| #  include <stdlib.h>
| # endif
| #endif
| #ifdef HAVE_STRING_H
| # if !defined STDC_HEADERS && defined HAVE_MEMORY_H
| #  include <memory.h>
| # endif
| # include <string.h>
| #endif
| #ifdef HAVE_STRINGS_H
| # include <strings.h>
| #endif
| #ifdef HAVE_INTTYPES_H
| # include <inttypes.h>
| #endif
| #ifdef HAVE_STDINT_H
| # include <stdint.h>
| #endif
| #ifdef HAVE_UNISTD_H
| # include <unistd.h>
| #endif
| #include <windows.h>
configure:16182: result: no
configure:16182: checking windows.h presence
configure:16182: x86_64-rorschack-linux-uclibc-cc -E  conftest.c
conftest.c:28:21: fatal error: windows.h: No such file or directory
 #include <windows.h>
                     ^
compilation terminated.
configure:16182: $? = 1
configure: failed program was:
| /* confdefs.h */
| #define PACKAGE_NAME "PCRE"
| #define PACKAGE_TARNAME "pcre"
| #define PACKAGE_VERSION "8.31"
| #define PACKAGE_STRING "PCRE 8.31"
| #define PACKAGE_BUGREPORT ""
| #define PACKAGE_URL ""
| #define PACKAGE "pcre"
| #define VERSION "8.31"
| #define STDC_HEADERS 1
| #define HAVE_SYS_TYPES_H 1
| #define HAVE_SYS_STAT_H 1
| #define HAVE_STDLIB_H 1
| #define HAVE_STRING_H 1
| #define HAVE_MEMORY_H 1
| #define HAVE_STRINGS_H 1
| #define HAVE_INTTYPES_H 1
| #define HAVE_STDINT_H 1
| #define HAVE_UNISTD_H 1
| #define HAVE_DLFCN_H 1
| #define LT_OBJDIR ".libs/"
| #define STDC_HEADERS 1
| #define HAVE_LIMITS_H 1
| #define HAVE_SYS_TYPES_H 1
| #define HAVE_SYS_STAT_H 1
| #define HAVE_DIRENT_H 1
| /* end confdefs.h.  */
| #include <windows.h>
configure:16182: result: no
configure:16182: checking for windows.h
configure:16182: result: no
configure:16213: checking for alias support in the linker
configure:16232: x86_64-rorschack-linux-uclibc-g++ -o conftest -Os   -Wl,-alias,__ZN7pcrecpp2RE6no_argE,__ZN7pcrecpp6no_argE conftest.cpp  >&5
/home/rorschack/Toolchains/x86_64-uClibc/bin/../lib/gcc/x86_64-rorschack-linux-uclibc/6.2.0/../../../../x86_64-rorschack-linux-uclibc/bin/ld: unrecognized -a option `lias'
collect2: error: ld returned 1 exit status
configure:16232: $? = 1
configure: failed program was:
| /* confdefs.h */
| #define PACKAGE_NAME "PCRE"
| #define PACKAGE_TARNAME "pcre"
| #define PACKAGE_VERSION "8.31"
| #define PACKAGE_STRING "PCRE 8.31"
| #define PACKAGE_BUGREPORT ""
| #define PACKAGE_URL ""
| #define PACKAGE "pcre"
| #define VERSION "8.31"
| #define STDC_HEADERS 1
| #define HAVE_SYS_TYPES_H 1
| #define HAVE_SYS_STAT_H 1
| #define HAVE_STDLIB_H 1
| #define HAVE_STRING_H 1
| #define HAVE_MEMORY_H 1
| #define HAVE_STRINGS_H 1
| #define HAVE_INTTYPES_H 1
| #define HAVE_STDINT_H 1
| #define HAVE_UNISTD_H 1
| #define HAVE_DLFCN_H 1
| #define LT_OBJDIR ".libs/"
| #define STDC_HEADERS 1
| #define HAVE_LIMITS_H 1
| #define HAVE_SYS_TYPES_H 1
| #define HAVE_SYS_STAT_H 1
| #define HAVE_DIRENT_H 1
| /* end confdefs.h.  */
| namespace pcrecpp {
|                                     class RE { static int no_arg; };
|                                     int RE::no_arg;
|                                   }
| int
| main ()
| {
| 
|   ;
|   return 0;
| }
configure:16238: result: no
configure:16213: checking for alias support in the linker
configure:16232: x86_64-rorschack-linux-uclibc-g++ -o conftest -Os   -Wl,-i__ZN7pcrecpp6no_argE:__ZN7pcrecpp2RE6no_argE conftest.cpp  >&5
/home/rorschack/Toolchains/x86_64-uClibc/bin/../lib/gcc/x86_64-rorschack-linux-uclibc/6.2.0/../../../../x86_64-rorschack-linux-uclibc/bin/ld: unrecognised option: -i__ZN7pcrecpp6no_argE:__ZN7pcrecpp2RE6no_argE
collect2: error: ld returned 1 exit status
configure:16232: $? = 1
configure: failed program was:
| /* confdefs.h */
| #define PACKAGE_NAME "PCRE"
| #define PACKAGE_TARNAME "pcre"
| #define PACKAGE_VERSION "8.31"
| #define PACKAGE_STRING "PCRE 8.31"
| #define PACKAGE_BUGREPORT ""
| #define PACKAGE_URL ""
| #define PACKAGE "pcre"
| #define VERSION "8.31"
| #define STDC_HEADERS 1
| #define HAVE_SYS_TYPES_H 1
| #define HAVE_SYS_STAT_H 1
| #define HAVE_STDLIB_H 1
| #define HAVE_STRING_H 1
| #define HAVE_MEMORY_H 1
| #define HAVE_STRINGS_H 1
| #define HAVE_INTTYPES_H 1
| #define HAVE_STDINT_H 1
| #define HAVE_UNISTD_H 1
| #define HAVE_DLFCN_H 1
| #define LT_OBJDIR ".libs/"
| #define STDC_HEADERS 1
| #define HAVE_LIMITS_H 1
| #define HAVE_SYS_TYPES_H 1
| #define HAVE_SYS_STAT_H 1
| #define HAVE_DIRENT_H 1
| /* end confdefs.h.  */
| namespace pcrecpp {
|                                     class RE { static int no_arg; };
|                                     int RE::no_arg;
|                                   }
| int
| main ()
| {
| 
|   ;
|   return 0;
| }
configure:16238: result: no
configure:16252: checking string usability
configure:16252: x86_64-rorschack-linux-uclibc-g++ -c -Os  conftest.cpp >&5
configure:16252: $? = 0
configure:16252: result: yes
configure:16252: checking string presence
configure:16252: x86_64-rorschack-linux-uclibc-g++ -E  conftest.cpp
configure:16252: $? = 0
configure:16252: result: yes
configure:16252: checking for string
configure:16252: result: yes
configure:16266: checking bits/type_traits.h usability
configure:16266: x86_64-rorschack-linux-uclibc-g++ -c -Os  conftest.cpp >&5
conftest.cpp:62:30: fatal error: bits/type_traits.h: No such file or directory
 #include <bits/type_traits.h>
                              ^
compilation terminated.
configure:16266: $? = 1
configure: failed program was:
| /* confdefs.h */
| #define PACKAGE_NAME "PCRE"
| #define PACKAGE_TARNAME "pcre"
| #define PACKAGE_VERSION "8.31"
| #define PACKAGE_STRING "PCRE 8.31"
| #define PACKAGE_BUGREPORT ""
| #define PACKAGE_URL ""
| #define PACKAGE "pcre"
| #define VERSION "8.31"
| #define STDC_HEADERS 1
| #define HAVE_SYS_TYPES_H 1
| #define HAVE_SYS_STAT_H 1
| #define HAVE_STDLIB_H 1
| #define HAVE_STRING_H 1
| #define HAVE_MEMORY_H 1
| #define HAVE_STRINGS_H 1
| #define HAVE_INTTYPES_H 1
| #define HAVE_STDINT_H 1
| #define HAVE_UNISTD_H 1
| #define HAVE_DLFCN_H 1
| #define LT_OBJDIR ".libs/"
| #define STDC_HEADERS 1
| #define HAVE_LIMITS_H 1
| #define HAVE_SYS_TYPES_H 1
| #define HAVE_SYS_STAT_H 1
| #define HAVE_DIRENT_H 1
| #define HAVE_STRING 1
| /* end confdefs.h.  */
| #include <stdio.h>
| #ifdef HAVE_SYS_TYPES_H
| # include <sys/types.h>
| #endif
| #ifdef HAVE_SYS_STAT_H
| # include <sys/stat.h>
| #endif
| #ifdef STDC_HEADERS
| # include <stdlib.h>
| # include <stddef.h>
| #else
| # ifdef HAVE_STDLIB_H
| #  include <stdlib.h>
| # endif
| #endif
| #ifdef HAVE_STRING_H
| # if !defined STDC_HEADERS && defined HAVE_MEMORY_H
| #  include <memory.h>
| # endif
| # include <string.h>
| #endif
| #ifdef HAVE_STRINGS_H
| # include <strings.h>
| #endif
| #ifdef HAVE_INTTYPES_H
| # include <inttypes.h>
| #endif
| #ifdef HAVE_STDINT_H
| # include <stdint.h>
| #endif
| #ifdef HAVE_UNISTD_H
| # include <unistd.h>
| #endif
| #include <bits/type_traits.h>
configure:16266: result: no
configure:16266: checking bits/type_traits.h presence
configure:16266: x86_64-rorschack-linux-uclibc-g++ -E  conftest.cpp
conftest.cpp:29:30: fatal error: bits/type_traits.h: No such file or directory
 #include <bits/type_traits.h>
                              ^
compilation terminated.
configure:16266: $? = 1
configure: failed program was:
| /* confdefs.h */
| #define PACKAGE_NAME "PCRE"
| #define PACKAGE_TARNAME "pcre"
| #define PACKAGE_VERSION "8.31"
| #define PACKAGE_STRING "PCRE 8.31"
| #define PACKAGE_BUGREPORT ""
| #define PACKAGE_URL ""
| #define PACKAGE "pcre"
| #define VERSION "8.31"
| #define STDC_HEADERS 1
| #define HAVE_SYS_TYPES_H 1
| #define HAVE_SYS_STAT_H 1
| #define HAVE_STDLIB_H 1
| #define HAVE_STRING_H 1
| #define HAVE_MEMORY_H 1
| #define HAVE_STRINGS_H 1
| #define HAVE_INTTYPES_H 1
| #define HAVE_STDINT_H 1
| #define HAVE_UNISTD_H 1
| #define HAVE_DLFCN_H 1
| #define LT_OBJDIR ".libs/"
| #define STDC_HEADERS 1
| #define HAVE_LIMITS_H 1
| #define HAVE_SYS_TYPES_H 1
| #define HAVE_SYS_STAT_H 1
| #define HAVE_DIRENT_H 1
| #define HAVE_STRING 1
| /* end confdefs.h.  */
| #include <bits/type_traits.h>
configure:16266: result: no
configure:16266: checking for bits/type_traits.h
configure:16266: result: no
configure:16280: checking type_traits.h usability
configure:16280: x86_64-rorschack-linux-uclibc-g++ -c -Os  conftest.cpp >&5
conftest.cpp:62:25: fatal error: type_traits.h: No such file or directory
 #include <type_traits.h>
                         ^
compilation terminated.
configure:16280: $? = 1
configure: failed program was:
| /* confdefs.h */
| #define PACKAGE_NAME "PCRE"
| #define PACKAGE_TARNAME "pcre"
| #define PACKAGE_VERSION "8.31"
| #define PACKAGE_STRING "PCRE 8.31"
| #define PACKAGE_BUGREPORT ""
| #define PACKAGE_URL ""
| #define PACKAGE "pcre"
| #define VERSION "8.31"
| #define STDC_HEADERS 1
| #define HAVE_SYS_TYPES_H 1
| #define HAVE_SYS_STAT_H 1
| #define HAVE_STDLIB_H 1
| #define HAVE_STRING_H 1
| #define HAVE_MEMORY_H 1
| #define HAVE_STRINGS_H 1
| #define HAVE_INTTYPES_H 1
| #define HAVE_STDINT_H 1
| #define HAVE_UNISTD_H 1
| #define HAVE_DLFCN_H 1
| #define LT_OBJDIR ".libs/"
| #define STDC_HEADERS 1
| #define HAVE_LIMITS_H 1
| #define HAVE_SYS_TYPES_H 1
| #define HAVE_SYS_STAT_H 1
| #define HAVE_DIRENT_H 1
| #define HAVE_STRING 1
| /* end confdefs.h.  */
| #include <stdio.h>
| #ifdef HAVE_SYS_TYPES_H
| # include <sys/types.h>
| #endif
| #ifdef HAVE_SYS_STAT_H
| # include <sys/stat.h>
| #endif
| #ifdef STDC_HEADERS
| # include <stdlib.h>
| # include <stddef.h>
| #else
| # ifdef HAVE_STDLIB_H
| #  include <stdlib.h>
| # endif
| #endif
| #ifdef HAVE_STRING_H
| # if !defined STDC_HEADERS && defined HAVE_MEMORY_H
| #  include <memory.h>
| # endif
| # include <string.h>
| #endif
| #ifdef HAVE_STRINGS_H
| # include <strings.h>
| #endif
| #ifdef HAVE_INTTYPES_H
| # include <inttypes.h>
| #endif
| #ifdef HAVE_STDINT_H
| # include <stdint.h>
| #endif
| #ifdef HAVE_UNISTD_H
| # include <unistd.h>
| #endif
| #include <type_traits.h>
configure:16280: result: no
configure:16280: checking type_traits.h presence
configure:16280: x86_64-rorschack-linux-uclibc-g++ -E  conftest.cpp
conftest.cpp:29:25: fatal error: type_traits.h: No such file or directory
 #include <type_traits.h>
                         ^
compilation terminated.
configure:16280: $? = 1
configure: failed program was:
| /* confdefs.h */
| #define PACKAGE_NAME "PCRE"
| #define PACKAGE_TARNAME "pcre"
| #define PACKAGE_VERSION "8.31"
| #define PACKAGE_STRING "PCRE 8.31"
| #define PACKAGE_BUGREPORT ""
| #define PACKAGE_URL ""
| #define PACKAGE "pcre"
| #define VERSION "8.31"
| #define STDC_HEADERS 1
| #define HAVE_SYS_TYPES_H 1
| #define HAVE_SYS_STAT_H 1
| #define HAVE_STDLIB_H 1
| #define HAVE_STRING_H 1
| #define HAVE_MEMORY_H 1
| #define HAVE_STRINGS_H 1
| #define HAVE_INTTYPES_H 1
| #define HAVE_STDINT_H 1
| #define HAVE_UNISTD_H 1
| #define HAVE_DLFCN_H 1
| #define LT_OBJDIR ".libs/"
| #define STDC_HEADERS 1
| #define HAVE_LIMITS_H 1
| #define HAVE_SYS_TYPES_H 1
| #define HAVE_SYS_STAT_H 1
| #define HAVE_DIRENT_H 1
| #define HAVE_STRING 1
| /* end confdefs.h.  */
| #include <type_traits.h>
configure:16280: result: no
configure:16280: checking for type_traits.h
configure:16280: result: no
configure:16306: checking for strtoq
configure:16324: x86_64-rorschack-linux-uclibc-g++ -c -Os  conftest.cpp >&5
configure:16324: $? = 0
configure:16325: result: yes
configure:16342: checking for long long
configure:16342: x86_64-rorschack-linux-uclibc-g++ -c -Os  conftest.cpp >&5
configure:16342: $? = 0
configure:16342: x86_64-rorschack-linux-uclibc-g++ -c -Os  conftest.cpp >&5
conftest.cpp: In function 'int main()':
conftest.cpp:66:14: error: expected primary-expression before 'long'
 if (sizeof ((long long)))
              ^~~~
conftest.cpp:66:14: error: expected ')' before 'long'
conftest.cpp:67:14: error: expected ')' before ';' token
      return 0;
              ^
conftest.cpp:67:14: error: expected ')' before ';' token
configure:16342: $? = 1
configure: failed program was:
| /* confdefs.h */
| #define PACKAGE_NAME "PCRE"
| #define PACKAGE_TARNAME "pcre"
| #define PACKAGE_VERSION "8.31"
| #define PACKAGE_STRING "PCRE 8.31"
| #define PACKAGE_BUGREPORT ""
| #define PACKAGE_URL ""
| #define PACKAGE "pcre"
| #define VERSION "8.31"
| #define STDC_HEADERS 1
| #define HAVE_SYS_TYPES_H 1
| #define HAVE_SYS_STAT_H 1
| #define HAVE_STDLIB_H 1
| #define HAVE_STRING_H 1
| #define HAVE_MEMORY_H 1
| #define HAVE_STRINGS_H 1
| #define HAVE_INTTYPES_H 1
| #define HAVE_STDINT_H 1
| #define HAVE_UNISTD_H 1
| #define HAVE_DLFCN_H 1
| #define LT_OBJDIR ".libs/"
| #define STDC_HEADERS 1
| #define HAVE_LIMITS_H 1
| #define HAVE_SYS_TYPES_H 1
| #define HAVE_SYS_STAT_H 1
| #define HAVE_DIRENT_H 1
| #define HAVE_STRING 1
| #define HAVE_STRTOQ 1
| /* end confdefs.h.  */
| #include <stdio.h>
| #ifdef HAVE_SYS_TYPES_H
| # include <sys/types.h>
| #endif
| #ifdef HAVE_SYS_STAT_H
| # include <sys/stat.h>
| #endif
| #ifdef STDC_HEADERS
| # include <stdlib.h>
| # include <stddef.h>
| #else
| # ifdef HAVE_STDLIB_H
| #  include <stdlib.h>
| # endif
| #endif
| #ifdef HAVE_STRING_H
| # if !defined STDC_HEADERS && defined HAVE_MEMORY_H
| #  include <memory.h>
| # endif
| # include <string.h>
| #endif
| #ifdef HAVE_STRINGS_H
| # include <strings.h>
| #endif
| #ifdef HAVE_INTTYPES_H
| # include <inttypes.h>
| #endif
| #ifdef HAVE_STDINT_H
| # include <stdint.h>
| #endif
| #ifdef HAVE_UNISTD_H
| # include <unistd.h>
| #endif
| int
| main ()
| {
| if (sizeof ((long long)))
| 	    return 0;
|   ;
|   return 0;
| }
configure:16342: result: yes
configure:16354: checking for unsigned long long
configure:16354: x86_64-rorschack-linux-uclibc-g++ -c -Os  conftest.cpp >&5
configure:16354: $? = 0
configure:16354: x86_64-rorschack-linux-uclibc-g++ -c -Os  conftest.cpp >&5
conftest.cpp: In function 'int main()':
conftest.cpp:67:14: error: expected primary-expression before 'unsigned'
 if (sizeof ((unsigned long long)))
              ^~~~~~~~
conftest.cpp:67:14: error: expected ')' before 'unsigned'
conftest.cpp:68:14: error: expected ')' before ';' token
      return 0;
              ^
conftest.cpp:68:14: error: expected ')' before ';' token
configure:16354: $? = 1
configure: failed program was:
| /* confdefs.h */
| #define PACKAGE_NAME "PCRE"
| #define PACKAGE_TARNAME "pcre"
| #define PACKAGE_VERSION "8.31"
| #define PACKAGE_STRING "PCRE 8.31"
| #define PACKAGE_BUGREPORT ""
| #define PACKAGE_URL ""
| #define PACKAGE "pcre"
| #define VERSION "8.31"
| #define STDC_HEADERS 1
| #define HAVE_SYS_TYPES_H 1
| #define HAVE_SYS_STAT_H 1
| #define HAVE_STDLIB_H 1
| #define HAVE_STRING_H 1
| #define HAVE_MEMORY_H 1
| #define HAVE_STRINGS_H 1
| #define HAVE_INTTYPES_H 1
| #define HAVE_STDINT_H 1
| #define HAVE_UNISTD_H 1
| #define HAVE_DLFCN_H 1
| #define LT_OBJDIR ".libs/"
| #define STDC_HEADERS 1
| #define HAVE_LIMITS_H 1
| #define HAVE_SYS_TYPES_H 1
| #define HAVE_SYS_STAT_H 1
| #define HAVE_DIRENT_H 1
| #define HAVE_STRING 1
| #define HAVE_STRTOQ 1
| #define HAVE_LONG_LONG 1
| /* end confdefs.h.  */
| #include <stdio.h>
| #ifdef HAVE_SYS_TYPES_H
| # include <sys/types.h>
| #endif
| #ifdef HAVE_SYS_STAT_H
| # include <sys/stat.h>
| #endif
| #ifdef STDC_HEADERS
| # include <stdlib.h>
| # include <stddef.h>
| #else
| # ifdef HAVE_STDLIB_H
| #  include <stdlib.h>
| # endif
| #endif
| #ifdef HAVE_STRING_H
| # if !defined STDC_HEADERS && defined HAVE_MEMORY_H
| #  include <memory.h>
| # endif
| # include <string.h>
| #endif
| #ifdef HAVE_STRINGS_H
| # include <strings.h>
| #endif
| #ifdef HAVE_INTTYPES_H
| # include <inttypes.h>
| #endif
| #ifdef HAVE_STDINT_H
| # include <stdint.h>
| #endif
| #ifdef HAVE_UNISTD_H
| # include <unistd.h>
| #endif
| int
| main ()
| {
| if (sizeof ((unsigned long long)))
| 	    return 0;
|   ;
|   return 0;
| }
configure:16354: result: yes
configure:16436: checking for an ANSI C-conforming const
configure:16501: x86_64-rorschack-linux-uclibc-cc -c -Os -Wno-error -fPIC  conftest.c >&5
configure:16501: $? = 0
configure:16508: result: yes
configure:16516: checking for size_t
configure:16516: x86_64-rorschack-linux-uclibc-cc -c -Os -Wno-error -fPIC  conftest.c >&5
configure:16516: $? = 0
configure:16516: x86_64-rorschack-linux-uclibc-cc -c -Os -Wno-error -fPIC  conftest.c >&5
conftest.c: In function 'main':
conftest.c:68:21: error: expected expression before ')' token
 if (sizeof ((size_t)))
                     ^
configure:16516: $? = 1
configure: failed program was:
| /* confdefs.h */
| #define PACKAGE_NAME "PCRE"
| #define PACKAGE_TARNAME "pcre"
| #define PACKAGE_VERSION "8.31"
| #define PACKAGE_STRING "PCRE 8.31"
| #define PACKAGE_BUGREPORT ""
| #define PACKAGE_URL ""
| #define PACKAGE "pcre"
| #define VERSION "8.31"
| #define STDC_HEADERS 1
| #define HAVE_SYS_TYPES_H 1
| #define HAVE_SYS_STAT_H 1
| #define HAVE_STDLIB_H 1
| #define HAVE_STRING_H 1
| #define HAVE_MEMORY_H 1
| #define HAVE_STRINGS_H 1
| #define HAVE_INTTYPES_H 1
| #define HAVE_STDINT_H 1
| #define HAVE_UNISTD_H 1
| #define HAVE_DLFCN_H 1
| #define LT_OBJDIR ".libs/"
| #define STDC_HEADERS 1
| #define HAVE_LIMITS_H 1
| #define HAVE_SYS_TYPES_H 1
| #define HAVE_SYS_STAT_H 1
| #define HAVE_DIRENT_H 1
| #define HAVE_STRING 1
| #define HAVE_STRTOQ 1
| #define HAVE_LONG_LONG 1
| #define HAVE_UNSIGNED_LONG_LONG 1
| /* end confdefs.h.  */
| #include <stdio.h>
| #ifdef HAVE_SYS_TYPES_H
| # include <sys/types.h>
| #endif
| #ifdef HAVE_SYS_STAT_H
| # include <sys/stat.h>
| #endif
| #ifdef STDC_HEADERS
| # include <stdlib.h>
| # include <stddef.h>
| #else
| # ifdef HAVE_STDLIB_H
| #  include <stdlib.h>
| # endif
| #endif
| #ifdef HAVE_STRING_H
| # if !defined STDC_HEADERS && defined HAVE_MEMORY_H
| #  include <memory.h>
| # endif
| # include <string.h>
| #endif
| #ifdef HAVE_STRINGS_H
| # include <strings.h>
| #endif
| #ifdef HAVE_INTTYPES_H
| # include <inttypes.h>
| #endif
| #ifdef HAVE_STDINT_H
| # include <stdint.h>
| #endif
| #ifdef HAVE_UNISTD_H
| # include <unistd.h>
| #endif
| int
| main ()
| {
| if (sizeof ((size_t)))
| 	    return 0;
|   ;
|   return 0;
| }
configure:16516: result: yes
configure:16533: checking for bcopy
configure:16533: x86_64-rorschack-linux-uclibc-cc -o conftest -Os -Wno-error -fPIC   conftest.c  >&5
conftest.c:55:6: warning: conflicting types for built-in function 'bcopy'
 char bcopy ();
      ^~~~~
configure:16533: $? = 0
configure:16533: result: yes
configure:16533: checking for memmove
configure:16533: x86_64-rorschack-linux-uclibc-cc -o conftest -Os -Wno-error -fPIC   conftest.c  >&5
conftest.c:56:6: warning: conflicting types for built-in function 'memmove'
 char memmove ();
      ^~~~~~~
configure:16533: $? = 0
configure:16533: result: yes
configure:16533: checking for strerror
configure:16533: x86_64-rorschack-linux-uclibc-cc -o conftest -Os -Wno-error -fPIC   conftest.c  >&5
configure:16533: $? = 0
configure:16533: result: yes
configure:16547: checking zlib.h usability
configure:16547: x86_64-rorschack-linux-uclibc-cc -c -Os -Wno-error -fPIC  conftest.c >&5
conftest.c:68:18: fatal error: zlib.h: No such file or directory
 #include <zlib.h>
                  ^
compilation terminated.
configure:16547: $? = 1
configure: failed program was:
| /* confdefs.h */
| #define PACKAGE_NAME "PCRE"
| #define PACKAGE_TARNAME "pcre"
| #define PACKAGE_VERSION "8.31"
| #define PACKAGE_STRING "PCRE 8.31"
| #define PACKAGE_BUGREPORT ""
| #define PACKAGE_URL ""
| #define PACKAGE "pcre"
| #define VERSION "8.31"
| #define STDC_HEADERS 1
| #define HAVE_SYS_TYPES_H 1
| #define HAVE_SYS_STAT_H 1
| #define HAVE_STDLIB_H 1
| #define HAVE_STRING_H 1
| #define HAVE_MEMORY_H 1
| #define HAVE_STRINGS_H 1
| #define HAVE_INTTYPES_H 1
| #define HAVE_STDINT_H 1
| #define HAVE_UNISTD_H 1
| #define HAVE_DLFCN_H 1
| #define LT_OBJDIR ".libs/"
| #define STDC_HEADERS 1
| #define HAVE_LIMITS_H 1
| #define HAVE_SYS_TYPES_H 1
| #define HAVE_SYS_STAT_H 1
| #define HAVE_DIRENT_H 1
| #define HAVE_STRING 1
| #define HAVE_STRTOQ 1
| #define HAVE_LONG_LONG 1
| #define HAVE_UNSIGNED_LONG_LONG 1
| #define HAVE_BCOPY 1
| #define HAVE_MEMMOVE 1
| #define HAVE_STRERROR 1
| /* end confdefs.h.  */
| #include <stdio.h>
| #ifdef HAVE_SYS_TYPES_H
| # include <sys/types.h>
| #endif
| #ifdef HAVE_SYS_STAT_H
| # include <sys/stat.h>
| #endif
| #ifdef STDC_HEADERS
| # include <stdlib.h>
| # include <stddef.h>
| #else
| # ifdef HAVE_STDLIB_H
| #  include <stdlib.h>
| # endif
| #endif
| #ifdef HAVE_STRING_H
| # if !defined STDC_HEADERS && defined HAVE_MEMORY_H
| #  include <memory.h>
| # endif
| # include <string.h>
| #endif
| #ifdef HAVE_STRINGS_H
| # include <strings.h>
| #endif
| #ifdef HAVE_INTTYPES_H
| # include <inttypes.h>
| #endif
| #ifdef HAVE_STDINT_H
| # include <stdint.h>
| #endif
| #ifdef HAVE_UNISTD_H
| # include <unistd.h>
| #endif
| #include <zlib.h>
configure:16547: result: no
configure:16547: checking zlib.h presence
configure:16547: x86_64-rorschack-linux-uclibc-cc -E  conftest.c
conftest.c:35:18: fatal error: zlib.h: No such file or directory
 #include <zlib.h>
                  ^
compilation terminated.
configure:16547: $? = 1
configure: failed program was:
| /* confdefs.h */
| #define PACKAGE_NAME "PCRE"
| #define PACKAGE_TARNAME "pcre"
| #define PACKAGE_VERSION "8.31"
| #define PACKAGE_STRING "PCRE 8.31"
| #define PACKAGE_BUGREPORT ""
| #define PACKAGE_URL ""
| #define PACKAGE "pcre"
| #define VERSION "8.31"
| #define STDC_HEADERS 1
| #define HAVE_SYS_TYPES_H 1
| #define HAVE_SYS_STAT_H 1
| #define HAVE_STDLIB_H 1
| #define HAVE_STRING_H 1
| #define HAVE_MEMORY_H 1
| #define HAVE_STRINGS_H 1
| #define HAVE_INTTYPES_H 1
| #define HAVE_STDINT_H 1
| #define HAVE_UNISTD_H 1
| #define HAVE_DLFCN_H 1
| #define LT_OBJDIR ".libs/"
| #define STDC_HEADERS 1
| #define HAVE_LIMITS_H 1
| #define HAVE_SYS_TYPES_H 1
| #define HAVE_SYS_STAT_H 1
| #define HAVE_DIRENT_H 1
| #define HAVE_STRING 1
| #define HAVE_STRTOQ 1
| #define HAVE_LONG_LONG 1
| #define HAVE_UNSIGNED_LONG_LONG 1
| #define HAVE_BCOPY 1
| #define HAVE_MEMMOVE 1
| #define HAVE_STRERROR 1
| /* end confdefs.h.  */
| #include <zlib.h>
configure:16547: result: no
configure:16547: checking for zlib.h
configure:16547: result: no
configure:16557: checking for gzopen in -lz
configure:16582: x86_64-rorschack-linux-uclibc-cc -o conftest -Os -Wno-error -fPIC   conftest.c -lz   >&5
/home/rorschack/Toolchains/x86_64-uClibc/bin/../lib/gcc/x86_64-rorschack-linux-uclibc/6.2.0/../../../../x86_64-rorschack-linux-uclibc/bin/ld: cannot find -lz
collect2: error: ld returned 1 exit status
configure:16582: $? = 1
configure: failed program was:
| /* confdefs.h */
| #define PACKAGE_NAME "PCRE"
| #define PACKAGE_TARNAME "pcre"
| #define PACKAGE_VERSION "8.31"
| #define PACKAGE_STRING "PCRE 8.31"
| #define PACKAGE_BUGREPORT ""
| #define PACKAGE_URL ""
| #define PACKAGE "pcre"
| #define VERSION "8.31"
| #define STDC_HEADERS 1
| #define HAVE_SYS_TYPES_H 1
| #define HAVE_SYS_STAT_H 1
| #define HAVE_STDLIB_H 1
| #define HAVE_STRING_H 1
| #define HAVE_MEMORY_H 1
| #define HAVE_STRINGS_H 1
| #define HAVE_INTTYPES_H 1
| #define HAVE_STDINT_H 1
| #define HAVE_UNISTD_H 1
| #define HAVE_DLFCN_H 1
| #define LT_OBJDIR ".libs/"
| #define STDC_HEADERS 1
| #define HAVE_LIMITS_H 1
| #define HAVE_SYS_TYPES_H 1
| #define HAVE_SYS_STAT_H 1
| #define HAVE_DIRENT_H 1
| #define HAVE_STRING 1
| #define HAVE_STRTOQ 1
| #define HAVE_LONG_LONG 1
| #define HAVE_UNSIGNED_LONG_LONG 1
| #define HAVE_BCOPY 1
| #define HAVE_MEMMOVE 1
| #define HAVE_STRERROR 1
| /* end confdefs.h.  */
| 
| /* Override any GCC internal prototype to avoid an error.
|    Use char because int might match the return type of a GCC
|    builtin and then its argument prototype would still apply.  */
| #ifdef __cplusplus
| extern "C"
| #endif
| char gzopen ();
| int
| main ()
| {
| return gzopen ();
|   ;
|   return 0;
| }
configure:16591: result: no
configure:16616: checking bzlib.h usability
configure:16616: x86_64-rorschack-linux-uclibc-cc -c -Os -Wno-error -fPIC  conftest.c >&5
conftest.c:68:19: fatal error: bzlib.h: No such file or directory
 #include <bzlib.h>
                   ^
compilation terminated.
configure:16616: $? = 1
configure: failed program was:
| /* confdefs.h */
| #define PACKAGE_NAME "PCRE"
| #define PACKAGE_TARNAME "pcre"
| #define PACKAGE_VERSION "8.31"
| #define PACKAGE_STRING "PCRE 8.31"
| #define PACKAGE_BUGREPORT ""
| #define PACKAGE_URL ""
| #define PACKAGE "pcre"
| #define VERSION "8.31"
| #define STDC_HEADERS 1
| #define HAVE_SYS_TYPES_H 1
| #define HAVE_SYS_STAT_H 1
| #define HAVE_STDLIB_H 1
| #define HAVE_STRING_H 1
| #define HAVE_MEMORY_H 1
| #define HAVE_STRINGS_H 1
| #define HAVE_INTTYPES_H 1
| #define HAVE_STDINT_H 1
| #define HAVE_UNISTD_H 1
| #define HAVE_DLFCN_H 1
| #define LT_OBJDIR ".libs/"
| #define STDC_HEADERS 1
| #define HAVE_LIMITS_H 1
| #define HAVE_SYS_TYPES_H 1
| #define HAVE_SYS_STAT_H 1
| #define HAVE_DIRENT_H 1
| #define HAVE_STRING 1
| #define HAVE_STRTOQ 1
| #define HAVE_LONG_LONG 1
| #define HAVE_UNSIGNED_LONG_LONG 1
| #define HAVE_BCOPY 1
| #define HAVE_MEMMOVE 1
| #define HAVE_STRERROR 1
| /* end confdefs.h.  */
| #include <stdio.h>
| #ifdef HAVE_SYS_TYPES_H
| # include <sys/types.h>
| #endif
| #ifdef HAVE_SYS_STAT_H
| # include <sys/stat.h>
| #endif
| #ifdef STDC_HEADERS
| # include <stdlib.h>
| # include <stddef.h>
| #else
| # ifdef HAVE_STDLIB_H
| #  include <stdlib.h>
| # endif
| #endif
| #ifdef HAVE_STRING_H
| # if !defined STDC_HEADERS && defined HAVE_MEMORY_H
| #  include <memory.h>
| # endif
| # include <string.h>
| #endif
| #ifdef HAVE_STRINGS_H
| # include <strings.h>
| #endif
| #ifdef HAVE_INTTYPES_H
| # include <inttypes.h>
| #endif
| #ifdef HAVE_STDINT_H
| # include <stdint.h>
| #endif
| #ifdef HAVE_UNISTD_H
| # include <unistd.h>
| #endif
| #include <bzlib.h>
configure:16616: result: no
configure:16616: checking bzlib.h presence
configure:16616: x86_64-rorschack-linux-uclibc-cc -E  conftest.c
conftest.c:35:19: fatal error: bzlib.h: No such file or directory
 #include <bzlib.h>
                   ^
compilation terminated.
configure:16616: $? = 1
configure: failed program was:
| /* confdefs.h */
| #define PACKAGE_NAME "PCRE"
| #define PACKAGE_TARNAME "pcre"
| #define PACKAGE_VERSION "8.31"
| #define PACKAGE_STRING "PCRE 8.31"
| #define PACKAGE_BUGREPORT ""
| #define PACKAGE_URL ""
| #define PACKAGE "pcre"
| #define VERSION "8.31"
| #define STDC_HEADERS 1
| #define HAVE_SYS_TYPES_H 1
| #define HAVE_SYS_STAT_H 1
| #define HAVE_STDLIB_H 1
| #define HAVE_STRING_H 1
| #define HAVE_MEMORY_H 1
| #define HAVE_STRINGS_H 1
| #define HAVE_INTTYPES_H 1
| #define HAVE_STDINT_H 1
| #define HAVE_UNISTD_H 1
| #define HAVE_DLFCN_H 1
| #define LT_OBJDIR ".libs/"
| #define STDC_HEADERS 1
| #define HAVE_LIMITS_H 1
| #define HAVE_SYS_TYPES_H 1
| #define HAVE_SYS_STAT_H 1
| #define HAVE_DIRENT_H 1
| #define HAVE_STRING 1
| #define HAVE_STRTOQ 1
| #define HAVE_LONG_LONG 1
| #define HAVE_UNSIGNED_LONG_LONG 1
| #define HAVE_BCOPY 1
| #define HAVE_MEMMOVE 1
| #define HAVE_STRERROR 1
| /* end confdefs.h.  */
| #include <bzlib.h>
configure:16616: result: no
configure:16616: checking for bzlib.h
configure:16616: result: no
configure:16631: checking for libbz2
configure:16649: x86_64-rorschack-linux-uclibc-cc -o conftest -Os -Wno-error -fPIC   conftest.c  -lbz2 >&5
conftest.c: In function 'main':
conftest.c:42:13: warning: implicit declaration of function 'BZ2_bzopen' [-Wimplicit-function-declaration]
 return (int)BZ2_bzopen("conftest", "rb");
             ^~~~~~~~~~
/home/rorschack/Toolchains/x86_64-uClibc/bin/../lib/gcc/x86_64-rorschack-linux-uclibc/6.2.0/../../../../x86_64-rorschack-linux-uclibc/bin/ld: cannot find -lbz2
collect2: error: ld returned 1 exit status
configure:16649: $? = 1
configure: failed program was:
| /* confdefs.h */
| #define PACKAGE_NAME "PCRE"
| #define PACKAGE_TARNAME "pcre"
| #define PACKAGE_VERSION "8.31"
| #define PACKAGE_STRING "PCRE 8.31"
| #define PACKAGE_BUGREPORT ""
| #define PACKAGE_URL ""
| #define PACKAGE "pcre"
| #define VERSION "8.31"
| #define STDC_HEADERS 1
| #define HAVE_SYS_TYPES_H 1
| #define HAVE_SYS_STAT_H 1
| #define HAVE_STDLIB_H 1
| #define HAVE_STRING_H 1
| #define HAVE_MEMORY_H 1
| #define HAVE_STRINGS_H 1
| #define HAVE_INTTYPES_H 1
| #define HAVE_STDINT_H 1
| #define HAVE_UNISTD_H 1
| #define HAVE_DLFCN_H 1
| #define LT_OBJDIR ".libs/"
| #define STDC_HEADERS 1
| #define HAVE_LIMITS_H 1
| #define HAVE_SYS_TYPES_H 1
| #define HAVE_SYS_STAT_H 1
| #define HAVE_DIRENT_H 1
| #define HAVE_STRING 1
| #define HAVE_STRTOQ 1
| #define HAVE_LONG_LONG 1
| #define HAVE_UNSIGNED_LONG_LONG 1
| #define HAVE_BCOPY 1
| #define HAVE_MEMMOVE 1
| #define HAVE_STRERROR 1
| /* end confdefs.h.  */
| 
| #ifdef HAVE_BZLIB_H
| #include <bzlib.h>
| #endif
| int
| main ()
| {
| return (int)BZ2_bzopen("conftest", "rb");
|   ;
|   return 0;
| }
configure:16653: result: no
configure:17449: creating ./config.status

## ---------------------- ##
## Running config.status. ##
## ---------------------- ##

This file was extended by PCRE config.status 8.31, which was
generated by GNU Autoconf 2.68.  Invocation command line was

  CONFIG_FILES    = 
  CONFIG_HEADERS  = 
  CONFIG_LINKS    = 
  CONFIG_COMMANDS = 
  $ ./config.status 

on YDS-notebook

config.status:1221: creating Makefile
config.status:1221: creating libpcre.pc
config.status:1221: creating libpcre16.pc
config.status:1221: creating libpcreposix.pc
config.status:1221: creating libpcrecpp.pc
config.status:1221: creating pcre-config
config.status:1221: creating pcre.h
config.status:1221: creating pcre_stringpiece.h
config.status:1221: creating pcrecpparg.h
config.status:1221: creating config.h
config.status:1402: config.h is unchanged
config.status:1450: executing depfiles commands
config.status:1450: executing libtool commands
config.status:1450: executing script-chmod commands
config.status:1450: executing delete-old-chartables commands

## ---------------- ##
## Cache variables. ##
## ---------------- ##

ac_cv_build=x86_64-unknown-linux-uclibc
ac_cv_c_compiler_gnu=yes
ac_cv_c_const=yes
ac_cv_c_int64_t=yes
ac_cv_cxx_compiler_gnu=yes
ac_cv_env_CCC_set=
ac_cv_env_CCC_value=
ac_cv_env_CC_set=set
ac_cv_env_CC_value=x86_64-rorschack-linux-uclibc-cc
ac_cv_env_CFLAGS_set=set
ac_cv_env_CFLAGS_value='-Os -Wno-error -fPIC'
ac_cv_env_CPPFLAGS_set=
ac_cv_env_CPPFLAGS_value=
ac_cv_env_CPP_set=
ac_cv_env_CPP_value=
ac_cv_env_CXXCPP_set=
ac_cv_env_CXXCPP_value=
ac_cv_env_CXXFLAGS_set=set
ac_cv_env_CXXFLAGS_value=-Os
ac_cv_env_CXX_set=set
ac_cv_env_CXX_value=x86_64-rorschack-linux-uclibc-g++
ac_cv_env_LDFLAGS_set=
ac_cv_env_LDFLAGS_value=
ac_cv_env_LIBS_set=
ac_cv_env_LIBS_value=
ac_cv_env_build_alias_set=
ac_cv_env_build_alias_value=
ac_cv_env_host_alias_set=set
ac_cv_env_host_alias_value=arm-linux
ac_cv_env_target_alias_set=
ac_cv_env_target_alias_value=
ac_cv_func_bcopy=yes
ac_cv_func_memmove=yes
ac_cv_func_strerror=yes
ac_cv_header_bits_type_traits_h=no
ac_cv_header_bzlib_h=no
ac_cv_header_dirent_h=yes
ac_cv_header_dlfcn_h=yes
ac_cv_header_inttypes_h=yes
ac_cv_header_limits_h=yes
ac_cv_header_memory_h=yes
ac_cv_header_stdc=yes
ac_cv_header_stdint_h=yes
ac_cv_header_stdlib_h=yes
ac_cv_header_string=yes
ac_cv_header_string_h=yes
ac_cv_header_strings_h=yes
ac_cv_header_sys_stat_h=yes
ac_cv_header_sys_types_h=yes
ac_cv_header_type_traits_h=no
ac_cv_header_unistd_h=yes
ac_cv_header_windows_h=no
ac_cv_header_zlib_h=no
ac_cv_host=arm-unknown-linux-gnu
ac_cv_lib_z_gzopen=no
ac_cv_objext=o
ac_cv_path_EGREP='/usr/bin/grep -E'
ac_cv_path_FGREP='/usr/bin/grep -F'
ac_cv_path_GREP=/usr/bin/grep
ac_cv_path_SED=/usr/bin/sed
ac_cv_path_install='/usr/bin/install -c'
ac_cv_path_mkdir=/usr/bin/mkdir
ac_cv_prog_AWK=gawk
ac_cv_prog_CC=x86_64-rorschack-linux-uclibc-cc
ac_cv_prog_CPP='x86_64-rorschack-linux-uclibc-cc -E'
ac_cv_prog_CXXCPP='x86_64-rorschack-linux-uclibc-g++ -E'
ac_cv_prog_DLLTOOL=dlltool
ac_cv_prog_OBJDUMP=objdump
ac_cv_prog_STRIP=strip
ac_cv_prog_ac_ct_AR=ar
ac_cv_prog_ac_ct_DUMPBIN='link -dump'
ac_cv_prog_ac_ct_RANLIB=ranlib
ac_cv_prog_ac_ct_STRIP=strip
ac_cv_prog_cc_c89=
ac_cv_prog_cc_g=yes
ac_cv_prog_cxx_g=yes
ac_cv_prog_make_make_set=yes
ac_cv_type_long_long=yes
ac_cv_type_size_t=yes
ac_cv_type_unsigned_long_long=yes
am_cv_CC_dependencies_compiler_type=gcc3
am_cv_CXX_dependencies_compiler_type=gcc3
lt_cv_ar_at_file=@
lt_cv_deplibs_check_method=pass_all
lt_cv_file_magic_cmd='$MAGIC_CMD'
lt_cv_file_magic_test_file=
lt_cv_ld_reload_flag=-r
lt_cv_nm_interface='BSD nm'
lt_cv_objdir=.libs
lt_cv_path_LD=/home/rorschack/Toolchains/x86_64-uClibc/x86_64-rorschack-linux-uclibc/bin/ld
lt_cv_path_LDCXX=/home/rorschack/Toolchains/x86_64-uClibc/x86_64-rorschack-linux-uclibc/bin/ld
lt_cv_path_NM=no
lt_cv_path_mainfest_tool=no
lt_cv_prog_compiler_c_o=yes
lt_cv_prog_compiler_c_o_CXX=yes
lt_cv_prog_compiler_pic='-fPIC -DPIC'
lt_cv_prog_compiler_pic_CXX='-fPIC -DPIC'
lt_cv_prog_compiler_pic_works=yes
lt_cv_prog_compiler_pic_works_CXX=yes
lt_cv_prog_compiler_rtti_exceptions=no
lt_cv_prog_compiler_static_works=yes
lt_cv_prog_compiler_static_works_CXX=yes
lt_cv_prog_gnu_ld=yes
lt_cv_prog_gnu_ldcxx=yes
lt_cv_sharedlib_from_linklib_cmd='printf %s\n'
lt_cv_shlibpath_overrides_runpath=no
lt_cv_sys_global_symbol_pipe='sed -n -e '\''s/^.*[	 ]\([ABCDGIRSTW][ABCDGIRSTW]*\)[	 ][	 ]*\([_A-Za-z][_A-Za-z0-9]*\)$/\1 \2 \2/p'\'' | sed '\''/ __gnu_lto/d'\'''
lt_cv_sys_global_symbol_to_c_name_address='sed -n -e '\''s/^: \([^ ]*\)[ ]*$/  {\"\1\", (void *) 0},/p'\'' -e '\''s/^[ABCDGIRSTW]* \([^ ]*\) \([^ ]*\)$/  {"\2", (void *) \&\2},/p'\'''
lt_cv_sys_global_symbol_to_c_name_address_lib_prefix='sed -n -e '\''s/^: \([^ ]*\)[ ]*$/  {\"\1\", (void *) 0},/p'\'' -e '\''s/^[ABCDGIRSTW]* \([^ ]*\) \(lib[^ ]*\)$/  {"\2", (void *) \&\2},/p'\'' -e '\''s/^[ABCDGIRSTW]* \([^ ]*\) \([^ ]*\)$/  {"lib\2", (void *) \&\2},/p'\'''
lt_cv_sys_global_symbol_to_cdecl='sed -n -e '\''s/^T .* \(.*\)$/extern int \1();/p'\'' -e '\''s/^[ABCDGIRSTW]* .* \(.*\)$/extern char \1;/p'\'''
lt_cv_sys_max_cmd_len=1572864
lt_cv_to_host_file_cmd=func_convert_file_noop
lt_cv_to_tool_file_cmd=func_convert_file_noop

## ----------------- ##
## Output variables. ##
## ----------------- ##

ACLOCAL='${SHELL} /home/rorschack/Workspace/busybox-android/libs/pcre-8.31/missing --run aclocal-1.11'
AMDEPBACKSLASH='\'
AMDEP_FALSE='#'
AMDEP_TRUE=''
AMTAR='${SHELL} /home/rorschack/Workspace/busybox-android/libs/pcre-8.31/missing --run tar'
AM_BACKSLASH='\'
AM_DEFAULT_VERBOSITY='0'
AR='ar'
AS='as'
AUTOCONF='${SHELL} /home/rorschack/Workspace/busybox-android/libs/pcre-8.31/missing --run autoconf'
AUTOHEADER='${SHELL} /home/rorschack/Workspace/busybox-android/libs/pcre-8.31/missing --run autoheader'
AUTOMAKE='${SHELL} /home/rorschack/Workspace/busybox-android/libs/pcre-8.31/missing --run automake-1.11'
AWK='gawk'
CC='x86_64-rorschack-linux-uclibc-cc'
CCDEPMODE='depmode=gcc3'
CFLAGS='-Os -Wno-error -fPIC'
CPP='x86_64-rorschack-linux-uclibc-cc -E'
CPPFLAGS=''
CXX='x86_64-rorschack-linux-uclibc-g++'
CXXCPP='x86_64-rorschack-linux-uclibc-g++ -E'
CXXDEPMODE='depmode=gcc3'
CXXFLAGS='-Os'
CYGPATH_W='echo'
DEFS='-DHAVE_CONFIG_H'
DEPDIR='.deps'
DISTCHECK_CONFIGURE_FLAGS='CFLAGS='\'''\'' CXXFLAGS='\'''\'' --enable-pcre16 --enable-jit --enable-cpp --enable-unicode-properties'
DLLTOOL='dlltool'
DSYMUTIL=''
DUMPBIN=':'
ECHO_C=''
ECHO_N='-n'
ECHO_T=''
EGREP='/usr/bin/grep -E'
EXEEXT=''
EXTRA_LIBPCRE16_LDFLAGS='                         -version-info 0:1:0'
EXTRA_LIBPCRECPP_LDFLAGS='                            -version-info 0:0:0                           '
EXTRA_LIBPCREPOSIX_LDFLAGS='                              -version-info 0:1:0'
EXTRA_LIBPCRE_LDFLAGS='                         -version-info 1:1:0'
FGREP='/usr/bin/grep -F'
GREP='/usr/bin/grep'
INSTALL_DATA='${INSTALL} -m 644'
INSTALL_PROGRAM='${INSTALL}'
INSTALL_SCRIPT='${INSTALL}'
INSTALL_STRIP_PROGRAM='$(install_sh) -c -s'
LD='/home/rorschack/Toolchains/x86_64-uClibc/x86_64-rorschack-linux-uclibc/bin/ld'
LDFLAGS=''
LIBBZ2=''
LIBOBJS=''
LIBREADLINE=''
LIBS=''
LIBTOOL='$(SHELL) $(top_builddir)/libtool'
LIBZ=''
LIPO=''
LN_S='ln -s'
LTLIBOBJS=''
MAKEINFO='${SHELL} /home/rorschack/Workspace/busybox-android/libs/pcre-8.31/missing --run makeinfo'
MANIFEST_TOOL=':'
MKDIR_P='/usr/bin/mkdir -p'
NM='nm'
NMEDIT=''
OBJDUMP='objdump'
OBJEXT='o'
OTOOL64=''
OTOOL=''
PACKAGE='pcre'
PACKAGE_BUGREPORT=''
PACKAGE_NAME='PCRE'
PACKAGE_STRING='PCRE 8.31'
PACKAGE_TARNAME='pcre'
PACKAGE_URL=''
PACKAGE_VERSION='8.31'
PATH_SEPARATOR=':'
PCRE_DATE='2012-07-06'
PCRE_MAJOR='8'
PCRE_MINOR='31'
PCRE_PRERELEASE=''
PCRE_STATIC_CFLAG='-DPCRE_STATIC'
RANLIB='ranlib'
SED='/usr/bin/sed'
SET_MAKE=''
SHELL='/bin/sh'
STRIP='strip'
VERSION='8.31'
WITH_JIT_FALSE=''
WITH_JIT_TRUE='#'
WITH_PCRE16_FALSE=''
WITH_PCRE16_TRUE='#'
WITH_PCRE8_FALSE='#'
WITH_PCRE8_TRUE=''
WITH_PCRE_CPP_FALSE='#'
WITH_PCRE_CPP_TRUE=''
WITH_REBUILD_CHARTABLES_FALSE=''
WITH_REBUILD_CHARTABLES_TRUE='#'
WITH_UTF_FALSE='#'
WITH_UTF_TRUE=''
ac_ct_AR='ar'
ac_ct_CC=''
ac_ct_CXX=''
ac_ct_DUMPBIN='link -dump'
am__EXEEXT_FALSE=''
am__EXEEXT_TRUE='#'
am__fastdepCC_FALSE='#'
am__fastdepCC_TRUE=''
am__fastdepCXX_FALSE='#'
am__fastdepCXX_TRUE=''
am__include='include'
am__isrc=''
am__leading_dot='.'
am__quote=''
am__tar='${AMTAR} chof - "$$tardir"'
am__untar='${AMTAR} xf -'
bindir='${exec_prefix}/bin'
build='x86_64-unknown-linux-uclibc'
build_alias=''
build_cpu='x86_64'
build_os='linux-uclibc'
build_vendor='unknown'
datadir='${datarootdir}'
datarootdir='${prefix}/share'
docdir='${datarootdir}/doc/${PACKAGE_TARNAME}'
dvidir='${docdir}'
enable_cpp='yes'
enable_pcre16='no'
enable_pcre8='yes'
exec_prefix='${prefix}'
host='arm-unknown-linux-gnu'
host_alias='arm-linux'
host_cpu='arm'
host_os='linux-gnu'
host_vendor='unknown'
htmldir='${docdir}/html'
includedir='${prefix}/include'
infodir='${datarootdir}/info'
install_sh='${SHELL} /home/rorschack/Workspace/busybox-android/libs/pcre-8.31/install-sh'
libdir='${exec_prefix}/lib'
libexecdir='${exec_prefix}/libexec'
localedir='${datarootdir}/locale'
localstatedir='${prefix}/var'
mandir='${datarootdir}/man'
mkdir_p='/usr/bin/mkdir -p'
oldincludedir='/usr/include'
pcre_have_bits_type_traits='0'
pcre_have_long_long='1'
pcre_have_type_traits='0'
pcre_have_ulong_long='1'
pdfdir='${docdir}'
prefix='/usr/local'
program_transform_name='s,x,x,'
psdir='${docdir}'
sbindir='${exec_prefix}/sbin'
sharedstatedir='${prefix}/com'
sysconfdir='${prefix}/etc'
target_alias=''

## ----------- ##
## confdefs.h. ##
## ----------- ##

/* confdefs.h */
#define PACKAGE_NAME "PCRE"
#define PACKAGE_TARNAME "pcre"
#define PACKAGE_VERSION "8.31"
#define PACKAGE_STRING "PCRE 8.31"
#define PACKAGE_BUGREPORT ""
#define PACKAGE_URL ""
#define PACKAGE "pcre"
#define VERSION "8.31"
#define STDC_HEADERS 1
#define HAVE_SYS_TYPES_H 1
#define HAVE_SYS_STAT_H 1
#define HAVE_STDLIB_H 1
#define HAVE_STRING_H 1
#define HAVE_MEMORY_H 1
#define HAVE_STRINGS_H 1
#define HAVE_INTTYPES_H 1
#define HAVE_STDINT_H 1
#define HAVE_UNISTD_H 1
#define HAVE_DLFCN_H 1
#define LT_OBJDIR ".libs/"
#define STDC_HEADERS 1
#define HAVE_LIMITS_H 1
#define HAVE_SYS_TYPES_H 1
#define HAVE_SYS_STAT_H 1
#define HAVE_DIRENT_H 1
#define HAVE_STRING 1
#define HAVE_STRTOQ 1
#define HAVE_LONG_LONG 1
#define HAVE_UNSIGNED_LONG_LONG 1
#define HAVE_BCOPY 1
#define HAVE_MEMMOVE 1
#define HAVE_STRERROR 1
#define PCRE_STATIC 1
#define SUPPORT_PCRE8 /**/
#define SUPPORT_UTF /**/
#define SUPPORT_UCP /**/
#define PCREGREP_BUFSIZE 20480
#define NEWLINE 10
#define LINK_SIZE 2
#define POSIX_MALLOC_THRESHOLD 10
#define MATCH_LIMIT 10000000
#define MATCH_LIMIT_RECURSION MATCH_LIMIT
#define MAX_NAME_SIZE 32
#define MAX_NAME_COUNT 10000

configure: exit 0
